[04:16:23] [Client thread/INFO] [JMLogger] JourneyMap log initialized.
[04:16:23] [Client thread/INFO] [JourneymapClient] ensureCurrent ENTER
[04:16:23] [Client thread/ERROR] [JMLogger] Default theme not found in /home/s98259/.minecraft/journeymap/icon/theme/Victorian/Victorian.theme.json: Victorian (SUPPRESSED)
[04:16:23] [Client thread/TRACE] [ThemeFileHandler] Initializing themes ...
[04:16:23] [Client thread/INFO] [PropertiesBase] Creating config file: /home/s98259/.minecraft/journeymap/config/5.1/journeymap.core.config
[04:16:24] [Client thread/DEBUG] [PropertiesBase] Saved journeymap.core.config
[04:16:24] [Client thread/INFO] [PropertiesBase] Loaded CoreProperties from /home/s98259/.minecraft/journeymap/config/5.1/journeymap.core.config
[04:16:24] [Client thread/INFO] [PropertiesBase] Creating config file: /home/s98259/.minecraft/journeymap/config/5.1/journeymap.fullmap.config
[04:16:24] [Client thread/DEBUG] [PropertiesBase] Saved journeymap.fullmap.config
[04:16:24] [Client thread/INFO] [PropertiesBase] Loaded FullMapProperties from /home/s98259/.minecraft/journeymap/config/5.1/journeymap.fullmap.config
[04:16:24] [Client thread/INFO] [PropertiesBase] Creating config file: /home/s98259/.minecraft/journeymap/config/5.1/journeymap.minimap.config
[04:16:24] [Client thread/DEBUG] [PropertiesBase] Saved journeymap.minimap.config
[04:16:24] [Client thread/INFO] [PropertiesBase] Updating config file from version "null" to "5.1.3": /home/s98259/.minecraft/journeymap/config/5.1/journeymap.minimap.config
[04:16:24] [Client thread/DEBUG] [PropertiesBase] Saved journeymap.minimap.config
[04:16:24] [Client thread/INFO] [PropertiesBase] Loaded MiniMapProperties from /home/s98259/.minecraft/journeymap/config/5.1/journeymap.minimap.config
[04:16:24] [Client thread/INFO] [PropertiesBase] Creating config file: /home/s98259/.minecraft/journeymap/config/5.1/journeymap.minimap2.config
[04:16:24] [Client thread/DEBUG] [PropertiesBase] Saved journeymap.minimap2.config
[04:16:24] [Client thread/INFO] [PropertiesBase] Updating config file from version "null" to "5.1.3": /home/s98259/.minecraft/journeymap/config/5.1/journeymap.minimap2.config
[04:16:24] [Client thread/DEBUG] [PropertiesBase] Saved journeymap.minimap2.config
[04:16:24] [Client thread/INFO] [PropertiesBase] Loaded MiniMapProperties2 from /home/s98259/.minecraft/journeymap/config/5.1/journeymap.minimap2.config
[04:16:24] [Client thread/INFO] [PropertiesBase] Creating config file: /home/s98259/.minecraft/journeymap/config/5.1/journeymap.webmap.config
[04:16:24] [Client thread/DEBUG] [PropertiesBase] Saved journeymap.webmap.config
[04:16:24] [Client thread/INFO] [PropertiesBase] Loaded WebMapProperties from /home/s98259/.minecraft/journeymap/config/5.1/journeymap.webmap.config
[04:16:24] [Client thread/INFO] [PropertiesBase] Creating config file: /home/s98259/.minecraft/journeymap/config/5.1/journeymap.waypoint.config
[04:16:24] [Client thread/DEBUG] [PropertiesBase] Saved journeymap.waypoint.config
[04:16:24] [Client thread/INFO] [PropertiesBase] Loaded WaypointProperties from /home/s98259/.minecraft/journeymap/config/5.1/journeymap.waypoint.config
[04:16:24] [Client thread/INFO] [?] Version: JourneyMap 5.1.3 Unlimited, built with Forge 10.13.4.1558
Forge: 10.13.4.1558
Environment: os.name, os.arch, java.version, user.country, user.language=null, game language=en_US, locale=en_us
Unlimited Features: 
	RadarPlayers : singleplayer = true , multiplayer = true
	RadarAnimals : singleplayer = true , multiplayer = true
	RadarMobs : singleplayer = true , multiplayer = true
	RadarVillagers : singleplayer = true , multiplayer = true
	MapCaves : singleplayer = true , multiplayer = true
MiniMapProperties{entityIconSetName=2D, showAnimals=true, showMobs=true, showPets=true, showPlayers=true, showSelf=true, showVillagers=true, showWaypoints=true, zoomLevel=0, fontScale=1, locationFormat=xzyv, locationFormatVerbose=true, showCaves=true, showWaypointLabels=true, showMobHeading=true, showPlayerHeading=true, textureSmall=true, active=true, compassFontScale=1, enabled=true, frameAlpha=100, name=minimap, orientation=North, position=Top Right, preferredMapType=day, reticleOrientation=Compass, shape=Circle, showBiome=true, showCompass=true, showFps=false, showLocation=true, showReticle=true, sizePercent=30, terrainAlpha=100}
MiniMapProperties2{enabled=true, shape=Rectangle, position=Top Center, showFps=false, showBiome=true, showLocation=true, showWaypointLabels=true, sizePercent=30, frameAlpha=60, terrainAlpha=60, orientation=My Heading, compassFontScale=1, showCompass=true, showReticle=true, reticleOrientation=Compass, preferredMapType=day, name=minimap2, id=2}
FullMapProperties{entityIconSetName=2D, showAnimals=true, showMobs=true, showPets=true, showPlayers=true, showSelf=true, showVillagers=true, showWaypoints=true, zoomLevel=0, fontScale=1, locationFormat=xzyv, locationFormatVerbose=true, showCaves=true, showWaypointLabels=true, showMobHeading=true, showPlayerHeading=true, textureSmall=true, preferredMapType=day, showGrid=true}
WaypointProperties{autoHideLabel=true, beaconEnabled=true, boldLabel=false, createDeathpoints=true, fontScale=2, managerEnabled=true, maxDistance=0, name=waypoint, showDistance=true, showName=true, showRotatingBeam=true, showStaticBeam=true, showTexture=true, textureSmall=true}
WebMapProperties: , enabled=false, port=8080, showMobs=true, showAnimals=true, showVillagers=true, showPets=true, showPlayers=true, showWaypoints=true, entityIconSetName=2D
CoreProperties{announceMod=true, autoMapPoll=2000, browserPoll=2000, cacheAnimalsData=3100, cacheMobsData=3000, cachePlayerData=1000, cachePlayersData=2000, cacheVillagersData=2200, caveIgnoreGlass=true, isUpdateCheckEnabled=true, renderDelay=2, hideSneakingEntities=true, logLevel=INFO, mapAntialiasing=true, mapBathymetry=false, mapCaveLighting=true, mapCrops=true, mapPlants=false, mapPlantShadows=false, mapSurfaceAboveCaves=true, tileHighDisplayQuality=true, mapTransparency=true, maxAnimalsData=32, maxMobsData=32, maxPlayersData=32, maxVillagersData=32, optionsManagerViewed=, radarLateralDistance=64, radarVerticalDistance=16, recordCacheStats=false, renderOverlayEventTypeName=ALL, renderOverlayPreEvent=true, renderDistanceCaveMin=3, renderDistanceCaveMax=3, renderDistanceSurfaceMin=4, renderDistanceSurfaceMax=7, revealShape=Circle, themeName=Victorian, tileRenderType=1}
[04:16:24] [Client thread/INFO] [JourneymapClient] ensureCurrent EXIT, elapsed§8 count §r1§8 avg §r633.08§8ms§r
[04:16:32] [Client thread/INFO] [JourneymapClient] postInitialize ENTER
[04:16:32] [Client thread/DEBUG] [EventHandlerManager] journeymap.client.forge.event.ChatEventHandler registered in MinecraftForgeBus
[04:16:32] [Client thread/DEBUG] [EventHandlerManager] journeymap.client.forge.event.StateTickHandler registered in FMLCommonHandlerBus
[04:16:32] [Client thread/DEBUG] [EventHandlerManager] journeymap.client.forge.event.WorldEventHandler registered in MinecraftForgeBus
[04:16:32] [Client thread/DEBUG] [EventHandlerManager] journeymap.client.forge.event.ChunkUpdateHandler registered in MinecraftForgeBus
[04:16:32] [Client thread/DEBUG] [EventHandlerManager] journeymap.client.forge.event.WaypointBeaconHandler registered in MinecraftForgeBus
[04:16:32] [Client thread/DEBUG] [EventHandlerManager] journeymap.client.forge.event.TextureAtlasHandler registered in MinecraftForgeBus
[04:16:32] [Client thread/INFO] [WorldInfoHandler] Registered channel: world_info
[04:16:32] [Client thread/DEBUG] [EventHandlerManager] journeymap.client.forge.event.MiniMapOverlayHandler registered in MinecraftForgeBus
[04:16:32] [Client thread/DEBUG] [EventHandlerManager] journeymap.client.forge.event.KeyEventHandler registered in FMLCommonHandlerBus
[04:16:32] [Client thread/INFO] [IconSetFileHandler] Initializing icon sets...
[04:16:32] [Client thread/TRACE] [ThemeFileHandler] Initializing themes ...
[04:16:33] [Client thread/INFO] [PropertiesBase] Updating config file from version "null" to "5.1.3": /home/s98259/.minecraft/journeymap/config/5.1/journeymap.webmap.config
[04:16:33] [Client thread/DEBUG] [PropertiesBase] Saved journeymap.webmap.config
[04:16:33] [Client thread/INFO] [JourneymapClient] postInitialize EXIT, elapsed§8 count §r1§8 avg §r385.54§8ms§r
[04:16:52] [Client thread/INFO] [ColorManager] Loading blocks and textures...
[04:16:52] [Client thread/INFO] [BlockMD] Built BlockMD cache (506) : BlockMD.reset count 1 avg 68.32ms
[04:16:52] [Client thread/INFO] [ColorHelper_1_7_10] initBlocksTexture: 1024x1024 loaded in 77.484956ms
[04:16:52] [Client thread/INFO] [ColorManager] Initialized 496 block colors from mods and resource packs in 92ms
[04:16:52] [Client thread/WARN] [ColorPalette] Block with Error flag won't be saved to color palette: BlockMD [ForgeMultipart:block:0] (Transparency,Error)
[04:16:52] [Client thread/INFO] [ColorPalette] Color palette file generated with 502 colors in 54ms for: /home/s98259/.minecraft/journeymap/colorpalette.json
[04:16:52] [Client thread/INFO] [ColorManager] Updated color palette file: /home/s98259/.minecraft/journeymap/colorpalette.json
[04:17:20] [Client thread/INFO] [PropertiesBase] Updating config file from version "null" to "5.1.3": /home/s98259/.minecraft/journeymap/config/5.1/journeymap.core.config
[04:17:20] [Client thread/INFO] [PropertiesBase] Updating config file from version "null" to "5.1.3": /home/s98259/.minecraft/journeymap/config/5.1/journeymap.fullmap.config
[04:17:20] [Client thread/INFO] [PropertiesBase] Updating config file from version "null" to "5.1.3": /home/s98259/.minecraft/journeymap/config/5.1/journeymap.waypoint.config
[04:17:22] [Client thread/INFO] [WaypointStore] Loaded 0 waypoints from /home/s98259/.minecraft/journeymap/data/sp/Test/waypoints
[04:17:22] [Client thread/INFO] [ColorManager] Blocks and textures are current
[04:17:22] [Client thread/INFO] [JourneymapClient] Mapping started in /home/s98259/.minecraft/journeymap/data/sp/Test/DIM0. Memory: 1011MB total, 126MB free 
[04:17:22] [Client thread/INFO] [ChatLog] JourneyMap: Press [J]
[04:25:01] [Client thread/INFO] [JourneymapClient] Mapping halted in /home/s98259/.minecraft/journeymap/data/sp/Test/DIM0
